<?xml version="1.0" encoding="UTF-8"?>
<!-- Generated by org.testng.reporters.JUnitReportReporter -->
<testsuite skipped="0" hostname="MYBANK-WBKBU48" name="cn.roilat.study.testng.DemoClassTest" tests="1" failures="0" timestamp="06 十二月 2018 02:53:48 GMT" time="0.008" errors="0">
  <testcase name="sayHello" time="0.008" classname="cn.roilat.study.testng.DemoClassTest"/>
</testsuite> <!-- cn.roilat.study.testng.DemoClassTest -->
